<?xml version="1.0" encoding="UTF-8"?>
<!-- Generated by org.testng.reporters.JUnitReportReporter -->
<testsuite hostname="IN-Sandeep" name="DD_TestCases.RegisterTest" tests="1" failures="0" timestamp="18 Jul 2017 04:03:16 GMT" time="1.009" errors="0">
  <testcase name="doLogin" time="1.009" classname="DD_TestCases.RegisterTest"/>
</testsuite> <!-- DD_TestCases.RegisterTest -->
